Analysis & Synthesis report for Project
Thu Dec 14 13:13:27 2017
Quartus Prime Version 17.1.0 Build 590 10/25/2017 SJ Lite Edition


---------------------
; Table of Contents ;
---------------------
  1. Legal Notice
  2. Analysis & Synthesis Summary
  3. Analysis & Synthesis Settings
  4. Parallel Compilation
  5. Analysis & Synthesis Source Files Read
  6. Analysis & Synthesis Resource Usage Summary
  7. Analysis & Synthesis Resource Utilization by Entity
  8. Analysis & Synthesis RAM Summary
  9. General Register Statistics
 10. Inverted Register Statistics
 11. Registers Added for RAM Pass-Through Logic
 12. Multiplexer Restructuring Statistics (Restructuring Performed)
 13. Source assignments for top:inst|data_mem:dm1|altsyncram:my_memory_rtl_0|altsyncram_tki1:auto_generated
 14. Parameter Settings for User Entity Instance: top:inst
 15. Parameter Settings for User Entity Instance: top:inst|IF:IF1
 16. Parameter Settings for User Entity Instance: top:inst|InstROM:InstROM1
 17. Parameter Settings for User Entity Instance: top:inst|reg_file:rf1
 18. Parameter Settings for User Entity Instance: top:inst|data_mem:dm1
 19. Parameter Settings for Inferred Entity Instance: top:inst|data_mem:dm1|altsyncram:my_memory_rtl_0
 20. altsyncram Parameter Settings by Entity Instance
 21. Port Connectivity Checks: "top:inst|reg_file:rf1"
 22. Port Connectivity Checks: "top:inst|IF:IF1"
 23. Post-Synthesis Netlist Statistics for Top Partition
 24. Elapsed Time Per Partition
 25. Analysis & Synthesis Messages



----------------
; Legal Notice ;
----------------
Copyright (C) 2017  Intel Corporation. All rights reserved.
Your use of Intel Corporation's design tools, logic functions 
and other software and tools, and its AMPP partner logic 
functions, and any output files from any of the foregoing 
(including device programming or simulation files), and any 
associated documentation or information are expressly subject 
to the terms and conditions of the Intel Program License 
Subscription Agreement, the Intel Quartus Prime License Agreement,
the Intel FPGA IP License Agreement, or other applicable license
agreement, including, without limitation, that your use is for
the sole purpose of programming logic devices manufactured by
Intel and sold by Intel or its authorized distributors.  Please
refer to the applicable agreement for further details.



+----------------------------------------------------------------------------------+
; Analysis & Synthesis Summary                                                     ;
+------------------------------------+---------------------------------------------+
; Analysis & Synthesis Status        ; Successful - Thu Dec 14 13:13:27 2017       ;
; Quartus Prime Version              ; 17.1.0 Build 590 10/25/2017 SJ Lite Edition ;
; Revision Name                      ; Project                                     ;
; Top-level Entity Name              ; schematic                                   ;
; Family                             ; Cyclone IV E                                ;
; Total logic elements               ; 550                                         ;
;     Total combinational functions  ; 470                                         ;
;     Dedicated logic registers      ; 114                                         ;
; Total registers                    ; 114                                         ;
; Total pins                         ; 3                                           ;
; Total virtual pins                 ; 0                                           ;
; Total memory bits                  ; 2,048                                       ;
; Embedded Multiplier 9-bit elements ; 0                                           ;
; Total PLLs                         ; 0                                           ;
+------------------------------------+---------------------------------------------+


+----------------------------------------------------------------------------------------------------------------------+
; Analysis & Synthesis Settings                                                                                        ;
+----------------------------------------------------------------------------+--------------------+--------------------+
; Option                                                                     ; Setting            ; Default Value      ;
+----------------------------------------------------------------------------+--------------------+--------------------+
; Device                                                                     ; EP4CE115F29C7      ;                    ;
; Top-level entity name                                                      ; schematic          ; Project            ;
; Family name                                                                ; Cyclone IV E       ; Cyclone V          ;
; Use smart compilation                                                      ; Off                ; Off                ;
; Enable parallel Assembler and TimeQuest Timing Analyzer during compilation ; On                 ; On                 ;
; Enable compact report table                                                ; Off                ; Off                ;
; Restructure Multiplexers                                                   ; Auto               ; Auto               ;
; Create Debugging Nodes for IP Cores                                        ; Off                ; Off                ;
; Preserve fewer node names                                                  ; On                 ; On                 ;
; Intel FPGA IP Evaluation Mode                                              ; Enable             ; Enable             ;
; Verilog Version                                                            ; Verilog_2001       ; Verilog_2001       ;
; VHDL Version                                                               ; VHDL_1993          ; VHDL_1993          ;
; State Machine Processing                                                   ; Auto               ; Auto               ;
; Safe State Machine                                                         ; Off                ; Off                ;
; Extract Verilog State Machines                                             ; On                 ; On                 ;
; Extract VHDL State Machines                                                ; On                 ; On                 ;
; Ignore Verilog initial constructs                                          ; Off                ; Off                ;
; Iteration limit for constant Verilog loops                                 ; 5000               ; 5000               ;
; Iteration limit for non-constant Verilog loops                             ; 250                ; 250                ;
; Add Pass-Through Logic to Inferred RAMs                                    ; On                 ; On                 ;
; Infer RAMs from Raw Logic                                                  ; On                 ; On                 ;
; Parallel Synthesis                                                         ; On                 ; On                 ;
; DSP Block Balancing                                                        ; Auto               ; Auto               ;
; NOT Gate Push-Back                                                         ; On                 ; On                 ;
; Power-Up Don't Care                                                        ; On                 ; On                 ;
; Remove Redundant Logic Cells                                               ; Off                ; Off                ;
; Remove Duplicate Registers                                                 ; On                 ; On                 ;
; Ignore CARRY Buffers                                                       ; Off                ; Off                ;
; Ignore CASCADE Buffers                                                     ; Off                ; Off                ;
; Ignore GLOBAL Buffers                                                      ; Off                ; Off                ;
; Ignore ROW GLOBAL Buffers                                                  ; Off                ; Off                ;
; Ignore LCELL Buffers                                                       ; Off                ; Off                ;
; Ignore SOFT Buffers                                                        ; On                 ; On                 ;
; Limit AHDL Integers to 32 Bits                                             ; Off                ; Off                ;
; Optimization Technique                                                     ; Balanced           ; Balanced           ;
; Carry Chain Length                                                         ; 70                 ; 70                 ;
; Auto Carry Chains                                                          ; On                 ; On                 ;
; Auto Open-Drain Pins                                                       ; On                 ; On                 ;
; Perform WYSIWYG Primitive Resynthesis                                      ; Off                ; Off                ;
; Auto ROM Replacement                                                       ; On                 ; On                 ;
; Auto RAM Replacement                                                       ; On                 ; On                 ;
; Auto DSP Block Replacement                                                 ; On                 ; On                 ;
; Auto Shift Register Replacement                                            ; Auto               ; Auto               ;
; Allow Shift Register Merging across Hierarchies                            ; Auto               ; Auto               ;
; Auto Clock Enable Replacement                                              ; On                 ; On                 ;
; Strict RAM Replacement                                                     ; Off                ; Off                ;
; Allow Synchronous Control Signals                                          ; On                 ; On                 ;
; Force Use of Synchronous Clear Signals                                     ; Off                ; Off                ;
; Auto RAM Block Balancing                                                   ; On                 ; On                 ;
; Auto RAM to Logic Cell Conversion                                          ; Off                ; Off                ;
; Auto Resource Sharing                                                      ; Off                ; Off                ;
; Allow Any RAM Size For Recognition                                         ; Off                ; Off                ;
; Allow Any ROM Size For Recognition                                         ; Off                ; Off                ;
; Allow Any Shift Register Size For Recognition                              ; Off                ; Off                ;
; Use LogicLock Constraints during Resource Balancing                        ; On                 ; On                 ;
; Ignore translate_off and synthesis_off directives                          ; Off                ; Off                ;
; Timing-Driven Synthesis                                                    ; On                 ; On                 ;
; Report Parameter Settings                                                  ; On                 ; On                 ;
; Report Source Assignments                                                  ; On                 ; On                 ;
; Report Connectivity Checks                                                 ; On                 ; On                 ;
; Ignore Maximum Fan-Out Assignments                                         ; Off                ; Off                ;
; Synchronization Register Chain Length                                      ; 2                  ; 2                  ;
; Power Optimization During Synthesis                                        ; Normal compilation ; Normal compilation ;
; HDL message level                                                          ; Level2             ; Level2             ;
; Suppress Register Optimization Related Messages                            ; Off                ; Off                ;
; Number of Removed Registers Reported in Synthesis Report                   ; 5000               ; 5000               ;
; Number of Swept Nodes Reported in Synthesis Report                         ; 5000               ; 5000               ;
; Number of Inverted Registers Reported in Synthesis Report                  ; 100                ; 100                ;
; Clock MUX Protection                                                       ; On                 ; On                 ;
; Auto Gated Clock Conversion                                                ; Off                ; Off                ;
; Block Design Naming                                                        ; Auto               ; Auto               ;
; SDC constraint protection                                                  ; Off                ; Off                ;
; Synthesis Effort                                                           ; Auto               ; Auto               ;
; Shift Register Replacement - Allow Asynchronous Clear Signal               ; On                 ; On                 ;
; Pre-Mapping Resynthesis Optimization                                       ; Off                ; Off                ;
; Analysis & Synthesis Message Level                                         ; Medium             ; Medium             ;
; Disable Register Merging Across Hierarchies                                ; Auto               ; Auto               ;
; Resource Aware Inference For Block RAM                                     ; On                 ; On                 ;
+----------------------------------------------------------------------------+--------------------+--------------------+


+------------------------------------------+
; Parallel Compilation                     ;
+----------------------------+-------------+
; Processors                 ; Number      ;
+----------------------------+-------------+
; Number detected on machine ; 4           ;
; Maximum allowed            ; 4           ;
;                            ;             ;
; Average used               ; 1.00        ;
; Maximum used               ; 4           ;
;                            ;             ;
; Usage by Processor         ; % Time Used ;
;     Processor 1            ; 100.0%      ;
;     Processor 2            ;   0.0%      ;
;     Processors 3-4         ;   0.0%      ;
+----------------------------+-------------+


+---------------------------------------------------------------------------------------------------------------------------------------------------------------------------------------------------------+
; Analysis & Synthesis Source Files Read                                                                                                                                                                  ;
+-------------------------------------------+-----------------+-------------------------------------------------------+-------------------------------------------------------------------------+---------+
; File Name with User-Entered Path          ; Used in Netlist ; File Type                                             ; File Name with Absolute Path                                            ; Library ;
+-------------------------------------------+-----------------+-------------------------------------------------------+-------------------------------------------------------------------------+---------+
; top.sv                                    ; yes             ; User SystemVerilog HDL File                           ; E:/Project/top.sv                                                       ;         ;
; reg_file.sv                               ; yes             ; User SystemVerilog HDL File                           ; E:/Project/reg_file.sv                                                  ;         ;
; lut.sv                                    ; yes             ; User SystemVerilog HDL File                           ; E:/Project/lut.sv                                                       ;         ;
; InstRom.sv                                ; yes             ; User SystemVerilog HDL File                           ; E:/Project/InstRom.sv                                                   ;         ;
; IF.sv                                     ; yes             ; User SystemVerilog HDL File                           ; E:/Project/IF.sv                                                        ;         ;
; definitions.sv                            ; yes             ; User SystemVerilog HDL File                           ; E:/Project/definitions.sv                                               ;         ;
; data_mem.sv                               ; yes             ; User SystemVerilog HDL File                           ; E:/Project/data_mem.sv                                                  ;         ;
; alu.sv                                    ; yes             ; User SystemVerilog HDL File                           ; E:/Project/alu.sv                                                       ;         ;
; schematic.bdf                             ; yes             ; User Block Diagram/Schematic File                     ; E:/Project/schematic.bdf                                                ;         ;
; instruct.txt                              ; yes             ; Auto-Found File                                       ; E:/Project/instruct.txt                                                 ;         ;
; altsyncram.tdf                            ; yes             ; Megafunction                                          ; e:/altera/quartus/quartus/libraries/megafunctions/altsyncram.tdf        ;         ;
; stratix_ram_block.inc                     ; yes             ; Megafunction                                          ; e:/altera/quartus/quartus/libraries/megafunctions/stratix_ram_block.inc ;         ;
; lpm_mux.inc                               ; yes             ; Megafunction                                          ; e:/altera/quartus/quartus/libraries/megafunctions/lpm_mux.inc           ;         ;
; lpm_decode.inc                            ; yes             ; Megafunction                                          ; e:/altera/quartus/quartus/libraries/megafunctions/lpm_decode.inc        ;         ;
; aglobal171.inc                            ; yes             ; Megafunction                                          ; e:/altera/quartus/quartus/libraries/megafunctions/aglobal171.inc        ;         ;
; a_rdenreg.inc                             ; yes             ; Megafunction                                          ; e:/altera/quartus/quartus/libraries/megafunctions/a_rdenreg.inc         ;         ;
; altrom.inc                                ; yes             ; Megafunction                                          ; e:/altera/quartus/quartus/libraries/megafunctions/altrom.inc            ;         ;
; altram.inc                                ; yes             ; Megafunction                                          ; e:/altera/quartus/quartus/libraries/megafunctions/altram.inc            ;         ;
; altdpram.inc                              ; yes             ; Megafunction                                          ; e:/altera/quartus/quartus/libraries/megafunctions/altdpram.inc          ;         ;
; db/altsyncram_tki1.tdf                    ; yes             ; Auto-Generated Megafunction                           ; E:/Project/db/altsyncram_tki1.tdf                                       ;         ;
; db/Project.ram0_data_mem_73ff31ea.hdl.mif ; yes             ; Auto-Generated Auto-Found Memory Initialization File  ; E:/Project/db/Project.ram0_data_mem_73ff31ea.hdl.mif                    ;         ;
+-------------------------------------------+-----------------+-------------------------------------------------------+-------------------------------------------------------------------------+---------+


+-------------------------------------------------------------+
; Analysis & Synthesis Resource Usage Summary                 ;
+---------------------------------------------+---------------+
; Resource                                    ; Usage         ;
+---------------------------------------------+---------------+
; Estimated Total logic elements              ; 550           ;
;                                             ;               ;
; Total combinational functions               ; 470           ;
; Logic element usage by number of LUT inputs ;               ;
;     -- 4 input functions                    ; 318           ;
;     -- 3 input functions                    ; 81            ;
;     -- <=2 input functions                  ; 71            ;
;                                             ;               ;
; Logic elements by mode                      ;               ;
;     -- normal mode                          ; 385           ;
;     -- arithmetic mode                      ; 85            ;
;                                             ;               ;
; Total registers                             ; 114           ;
;     -- Dedicated logic registers            ; 114           ;
;     -- I/O registers                        ; 0             ;
;                                             ;               ;
; I/O pins                                    ; 3             ;
; Total memory bits                           ; 2048          ;
;                                             ;               ;
; Embedded Multiplier 9-bit elements          ; 0             ;
;                                             ;               ;
; Maximum fan-out node                        ; clock_i~input ;
; Maximum fan-out                             ; 122           ;
; Total fan-out                               ; 2101          ;
; Average fan-out                             ; 3.51          ;
+---------------------------------------------+---------------+


+-------------------------------------------------------------------------------------------------------------------------------------------------------------------------------------------------------------------------------------------------------------------------------------------------------+
; Analysis & Synthesis Resource Utilization by Entity                                                                                                                                                                                                                                                   ;
+----------------------------------------------+---------------------+---------------------------+-------------+--------------+---------+-----------+------+--------------+--------------------------------------------------------------------------------------------+-----------------+--------------+
; Compilation Hierarchy Node                   ; Combinational ALUTs ; Dedicated Logic Registers ; Memory Bits ; DSP Elements ; DSP 9x9 ; DSP 18x18 ; Pins ; Virtual Pins ; Full Hierarchy Name                                                                        ; Entity Name     ; Library Name ;
+----------------------------------------------+---------------------+---------------------------+-------------+--------------+---------+-----------+------+--------------+--------------------------------------------------------------------------------------------+-----------------+--------------+
; |schematic                                   ; 470 (0)             ; 114 (0)                   ; 2048        ; 0            ; 0       ; 0         ; 3    ; 0            ; |schematic                                                                                 ; schematic       ; work         ;
;    |top:inst|                                ; 470 (24)            ; 114 (1)                   ; 2048        ; 0            ; 0       ; 0         ; 0    ; 0            ; |schematic|top:inst                                                                        ; top             ; work         ;
;       |IF:IF1|                               ; 88 (88)             ; 16 (16)                   ; 0           ; 0            ; 0       ; 0         ; 0    ; 0            ; |schematic|top:inst|IF:IF1                                                                 ; IF              ; work         ;
;       |InstROM:InstROM1|                     ; 109 (109)           ; 0 (0)                     ; 0           ; 0            ; 0       ; 0         ; 0    ; 0            ; |schematic|top:inst|InstROM:InstROM1                                                       ; InstROM         ; work         ;
;       |alu:alu1|                             ; 176 (176)           ; 0 (0)                     ; 0           ; 0            ; 0       ; 0         ; 0    ; 0            ; |schematic|top:inst|alu:alu1                                                               ; alu             ; work         ;
;       |data_mem:dm1|                         ; 13 (13)             ; 33 (33)                   ; 2048        ; 0            ; 0       ; 0         ; 0    ; 0            ; |schematic|top:inst|data_mem:dm1                                                           ; data_mem        ; work         ;
;          |altsyncram:my_memory_rtl_0|        ; 0 (0)               ; 0 (0)                     ; 2048        ; 0            ; 0       ; 0         ; 0    ; 0            ; |schematic|top:inst|data_mem:dm1|altsyncram:my_memory_rtl_0                                ; altsyncram      ; work         ;
;             |altsyncram_tki1:auto_generated| ; 0 (0)               ; 0 (0)                     ; 2048        ; 0            ; 0       ; 0         ; 0    ; 0            ; |schematic|top:inst|data_mem:dm1|altsyncram:my_memory_rtl_0|altsyncram_tki1:auto_generated ; altsyncram_tki1 ; work         ;
;       |lut:lut1|                             ; 11 (11)             ; 0 (0)                     ; 0           ; 0            ; 0       ; 0         ; 0    ; 0            ; |schematic|top:inst|lut:lut1                                                               ; lut             ; work         ;
;       |reg_file:rf1|                         ; 49 (49)             ; 64 (64)                   ; 0           ; 0            ; 0       ; 0         ; 0    ; 0            ; |schematic|top:inst|reg_file:rf1                                                           ; reg_file        ; work         ;
+----------------------------------------------+---------------------+---------------------------+-------------+--------------+---------+-----------+------+--------------+--------------------------------------------------------------------------------------------+-----------------+--------------+
Note: For table entries with two numbers listed, the numbers in parentheses indicate the number of resources of the given type used by the specific entity alone. The numbers listed outside of parentheses indicate the total resources of the given type used by the specific entity and all of its sub-entities in the hierarchy.


+-------------------------------------------------------------------------------------------------------------------------------------------------------------------------------------------------------------------------------------+
; Analysis & Synthesis RAM Summary                                                                                                                                                                                                    ;
+--------------------------------------------------------------------------------------------+------+------------------+--------------+--------------+--------------+--------------+------+-------------------------------------------+
; Name                                                                                       ; Type ; Mode             ; Port A Depth ; Port A Width ; Port B Depth ; Port B Width ; Size ; MIF                                       ;
+--------------------------------------------------------------------------------------------+------+------------------+--------------+--------------+--------------+--------------+------+-------------------------------------------+
; top:inst|data_mem:dm1|altsyncram:my_memory_rtl_0|altsyncram_tki1:auto_generated|ALTSYNCRAM ; AUTO ; Simple Dual Port ; 256          ; 8            ; 256          ; 8            ; 2048 ; db/Project.ram0_data_mem_73ff31ea.hdl.mif ;
+--------------------------------------------------------------------------------------------+------+------------------+--------------+--------------+--------------+--------------+------+-------------------------------------------+


+------------------------------------------------------+
; General Register Statistics                          ;
+----------------------------------------------+-------+
; Statistic                                    ; Value ;
+----------------------------------------------+-------+
; Total registers                              ; 114   ;
; Number of registers using Synchronous Clear  ; 1     ;
; Number of registers using Synchronous Load   ; 0     ;
; Number of registers using Asynchronous Clear ; 0     ;
; Number of registers using Asynchronous Load  ; 0     ;
; Number of registers using Clock Enable       ; 72    ;
; Number of registers using Preset             ; 0     ;
+----------------------------------------------+-------+


+------------------------------------------------------------+
; Inverted Register Statistics                               ;
+--------------------------------------------------+---------+
; Inverted Register                                ; Fan out ;
+--------------------------------------------------+---------+
; top:inst|data_mem:dm1|my_memory_rtl_0_bypass[32] ; 1       ;
; top:inst|data_mem:dm1|my_memory_rtl_0_bypass[30] ; 1       ;
; top:inst|data_mem:dm1|my_memory_rtl_0_bypass[28] ; 1       ;
; top:inst|data_mem:dm1|my_memory_rtl_0_bypass[26] ; 1       ;
; top:inst|data_mem:dm1|my_memory_rtl_0_bypass[24] ; 1       ;
; top:inst|data_mem:dm1|my_memory_rtl_0_bypass[22] ; 1       ;
; top:inst|data_mem:dm1|my_memory_rtl_0_bypass[20] ; 1       ;
; top:inst|data_mem:dm1|my_memory_rtl_0_bypass[18] ; 1       ;
; Total number of inverted registers = 8           ;         ;
+--------------------------------------------------+---------+


+------------------------------------------------------------------------------------------+
; Registers Added for RAM Pass-Through Logic                                               ;
+--------------------------------------------------+---------------------------------------+
; Register Name                                    ; RAM Name                              ;
+--------------------------------------------------+---------------------------------------+
; top:inst|data_mem:dm1|my_memory_rtl_0_bypass[0]  ; top:inst|data_mem:dm1|my_memory_rtl_0 ;
; top:inst|data_mem:dm1|my_memory_rtl_0_bypass[1]  ; top:inst|data_mem:dm1|my_memory_rtl_0 ;
; top:inst|data_mem:dm1|my_memory_rtl_0_bypass[2]  ; top:inst|data_mem:dm1|my_memory_rtl_0 ;
; top:inst|data_mem:dm1|my_memory_rtl_0_bypass[3]  ; top:inst|data_mem:dm1|my_memory_rtl_0 ;
; top:inst|data_mem:dm1|my_memory_rtl_0_bypass[4]  ; top:inst|data_mem:dm1|my_memory_rtl_0 ;
; top:inst|data_mem:dm1|my_memory_rtl_0_bypass[5]  ; top:inst|data_mem:dm1|my_memory_rtl_0 ;
; top:inst|data_mem:dm1|my_memory_rtl_0_bypass[6]  ; top:inst|data_mem:dm1|my_memory_rtl_0 ;
; top:inst|data_mem:dm1|my_memory_rtl_0_bypass[7]  ; top:inst|data_mem:dm1|my_memory_rtl_0 ;
; top:inst|data_mem:dm1|my_memory_rtl_0_bypass[8]  ; top:inst|data_mem:dm1|my_memory_rtl_0 ;
; top:inst|data_mem:dm1|my_memory_rtl_0_bypass[9]  ; top:inst|data_mem:dm1|my_memory_rtl_0 ;
; top:inst|data_mem:dm1|my_memory_rtl_0_bypass[10] ; top:inst|data_mem:dm1|my_memory_rtl_0 ;
; top:inst|data_mem:dm1|my_memory_rtl_0_bypass[11] ; top:inst|data_mem:dm1|my_memory_rtl_0 ;
; top:inst|data_mem:dm1|my_memory_rtl_0_bypass[12] ; top:inst|data_mem:dm1|my_memory_rtl_0 ;
; top:inst|data_mem:dm1|my_memory_rtl_0_bypass[13] ; top:inst|data_mem:dm1|my_memory_rtl_0 ;
; top:inst|data_mem:dm1|my_memory_rtl_0_bypass[14] ; top:inst|data_mem:dm1|my_memory_rtl_0 ;
; top:inst|data_mem:dm1|my_memory_rtl_0_bypass[15] ; top:inst|data_mem:dm1|my_memory_rtl_0 ;
; top:inst|data_mem:dm1|my_memory_rtl_0_bypass[16] ; top:inst|data_mem:dm1|my_memory_rtl_0 ;
; top:inst|data_mem:dm1|my_memory_rtl_0_bypass[17] ; top:inst|data_mem:dm1|my_memory_rtl_0 ;
; top:inst|data_mem:dm1|my_memory_rtl_0_bypass[18] ; top:inst|data_mem:dm1|my_memory_rtl_0 ;
; top:inst|data_mem:dm1|my_memory_rtl_0_bypass[19] ; top:inst|data_mem:dm1|my_memory_rtl_0 ;
; top:inst|data_mem:dm1|my_memory_rtl_0_bypass[20] ; top:inst|data_mem:dm1|my_memory_rtl_0 ;
; top:inst|data_mem:dm1|my_memory_rtl_0_bypass[21] ; top:inst|data_mem:dm1|my_memory_rtl_0 ;
; top:inst|data_mem:dm1|my_memory_rtl_0_bypass[22] ; top:inst|data_mem:dm1|my_memory_rtl_0 ;
; top:inst|data_mem:dm1|my_memory_rtl_0_bypass[23] ; top:inst|data_mem:dm1|my_memory_rtl_0 ;
; top:inst|data_mem:dm1|my_memory_rtl_0_bypass[24] ; top:inst|data_mem:dm1|my_memory_rtl_0 ;
; top:inst|data_mem:dm1|my_memory_rtl_0_bypass[25] ; top:inst|data_mem:dm1|my_memory_rtl_0 ;
; top:inst|data_mem:dm1|my_memory_rtl_0_bypass[26] ; top:inst|data_mem:dm1|my_memory_rtl_0 ;
; top:inst|data_mem:dm1|my_memory_rtl_0_bypass[27] ; top:inst|data_mem:dm1|my_memory_rtl_0 ;
; top:inst|data_mem:dm1|my_memory_rtl_0_bypass[28] ; top:inst|data_mem:dm1|my_memory_rtl_0 ;
; top:inst|data_mem:dm1|my_memory_rtl_0_bypass[29] ; top:inst|data_mem:dm1|my_memory_rtl_0 ;
; top:inst|data_mem:dm1|my_memory_rtl_0_bypass[30] ; top:inst|data_mem:dm1|my_memory_rtl_0 ;
; top:inst|data_mem:dm1|my_memory_rtl_0_bypass[31] ; top:inst|data_mem:dm1|my_memory_rtl_0 ;
; top:inst|data_mem:dm1|my_memory_rtl_0_bypass[32] ; top:inst|data_mem:dm1|my_memory_rtl_0 ;
+--------------------------------------------------+---------------------------------------+


+-----------------------------------------------------------------------------------------------------------------------------------------------------+
; Multiplexer Restructuring Statistics (Restructuring Performed)                                                                                      ;
+--------------------+-----------+---------------+----------------------+------------------------+------------+---------------------------------------+
; Multiplexer Inputs ; Bus Width ; Baseline Area ; Area if Restructured ; Saving if Restructured ; Registered ; Example Multiplexer Output            ;
+--------------------+-----------+---------------+----------------------+------------------------+------------+---------------------------------------+
; 5:1                ; 16 bits   ; 48 LEs        ; 32 LEs               ; 16 LEs                 ; Yes        ; |schematic|top:inst|IF:IF1|PC[0]      ;
; 8:1                ; 8 bits    ; 40 LEs        ; 40 LEs               ; 0 LEs                  ; No         ; |schematic|top:inst|reg_file:rf1|Mux2 ;
+--------------------+-----------+---------------+----------------------+------------------------+------------+---------------------------------------+


+--------------------------------------------------------------------------------------------------------+
; Source assignments for top:inst|data_mem:dm1|altsyncram:my_memory_rtl_0|altsyncram_tki1:auto_generated ;
+---------------------------------+--------------------+------+------------------------------------------+
; Assignment                      ; Value              ; From ; To                                       ;
+---------------------------------+--------------------+------+------------------------------------------+
; OPTIMIZE_POWER_DURING_SYNTHESIS ; NORMAL_COMPILATION ; -    ; -                                        ;
+---------------------------------+--------------------+------+------------------------------------------+


+-------------------------------------------------------+
; Parameter Settings for User Entity Instance: top:inst ;
+----------------+-------+------------------------------+
; Parameter Name ; Value ; Type                         ;
+----------------+-------+------------------------------+
; IW             ; 16    ; Signed Integer               ;
+----------------+-------+------------------------------+
Note: In order to hide this table in the UI and the text report file, please set the "Show Parameter Settings in Synthesis Report" option in "Analysis and Synthesis Settings -> More Settings" to "Off".


+--------------------------------------------------------------+
; Parameter Settings for User Entity Instance: top:inst|IF:IF1 ;
+----------------+-------+-------------------------------------+
; Parameter Name ; Value ; Type                                ;
+----------------+-------+-------------------------------------+
; PCW            ; 16    ; Signed Integer                      ;
+----------------+-------+-------------------------------------+
Note: In order to hide this table in the UI and the text report file, please set the "Show Parameter Settings in Synthesis Report" option in "Analysis and Synthesis Settings -> More Settings" to "Off".


+------------------------------------------------------------------------+
; Parameter Settings for User Entity Instance: top:inst|InstROM:InstROM1 ;
+----------------+-------+-----------------------------------------------+
; Parameter Name ; Value ; Type                                          ;
+----------------+-------+-----------------------------------------------+
; IW             ; 16    ; Signed Integer                                ;
; DW             ; 9     ; Signed Integer                                ;
+----------------+-------+-----------------------------------------------+
Note: In order to hide this table in the UI and the text report file, please set the "Show Parameter Settings in Synthesis Report" option in "Analysis and Synthesis Settings -> More Settings" to "Off".


+--------------------------------------------------------------------+
; Parameter Settings for User Entity Instance: top:inst|reg_file:rf1 ;
+----------------+-------+-------------------------------------------+
; Parameter Name ; Value ; Type                                      ;
+----------------+-------+-------------------------------------------+
; raw            ; 3     ; Signed Integer                            ;
+----------------+-------+-------------------------------------------+
Note: In order to hide this table in the UI and the text report file, please set the "Show Parameter Settings in Synthesis Report" option in "Analysis and Synthesis Settings -> More Settings" to "Off".


+--------------------------------------------------------------------+
; Parameter Settings for User Entity Instance: top:inst|data_mem:dm1 ;
+----------------+-------+-------------------------------------------+
; Parameter Name ; Value ; Type                                      ;
+----------------+-------+-------------------------------------------+
; AW             ; 8     ; Signed Integer                            ;
+----------------+-------+-------------------------------------------+
Note: In order to hide this table in the UI and the text report file, please set the "Show Parameter Settings in Synthesis Report" option in "Analysis and Synthesis Settings -> More Settings" to "Off".


+---------------------------------------------------------------------------------------------------+
; Parameter Settings for Inferred Entity Instance: top:inst|data_mem:dm1|altsyncram:my_memory_rtl_0 ;
+------------------------------------+-------------------------------------------+------------------+
; Parameter Name                     ; Value                                     ; Type             ;
+------------------------------------+-------------------------------------------+------------------+
; BYTE_SIZE_BLOCK                    ; 8                                         ; Untyped          ;
; AUTO_CARRY_CHAINS                  ; ON                                        ; AUTO_CARRY       ;
; IGNORE_CARRY_BUFFERS               ; OFF                                       ; IGNORE_CARRY     ;
; AUTO_CASCADE_CHAINS                ; ON                                        ; AUTO_CASCADE     ;
; IGNORE_CASCADE_BUFFERS             ; OFF                                       ; IGNORE_CASCADE   ;
; WIDTH_BYTEENA                      ; 1                                         ; Untyped          ;
; OPERATION_MODE                     ; DUAL_PORT                                 ; Untyped          ;
; WIDTH_A                            ; 8                                         ; Untyped          ;
; WIDTHAD_A                          ; 8                                         ; Untyped          ;
; NUMWORDS_A                         ; 256                                       ; Untyped          ;
; OUTDATA_REG_A                      ; UNREGISTERED                              ; Untyped          ;
; ADDRESS_ACLR_A                     ; NONE                                      ; Untyped          ;
; OUTDATA_ACLR_A                     ; NONE                                      ; Untyped          ;
; WRCONTROL_ACLR_A                   ; NONE                                      ; Untyped          ;
; INDATA_ACLR_A                      ; NONE                                      ; Untyped          ;
; BYTEENA_ACLR_A                     ; NONE                                      ; Untyped          ;
; WIDTH_B                            ; 8                                         ; Untyped          ;
; WIDTHAD_B                          ; 8                                         ; Untyped          ;
; NUMWORDS_B                         ; 256                                       ; Untyped          ;
; INDATA_REG_B                       ; CLOCK1                                    ; Untyped          ;
; WRCONTROL_WRADDRESS_REG_B          ; CLOCK1                                    ; Untyped          ;
; RDCONTROL_REG_B                    ; CLOCK1                                    ; Untyped          ;
; ADDRESS_REG_B                      ; CLOCK0                                    ; Untyped          ;
; OUTDATA_REG_B                      ; UNREGISTERED                              ; Untyped          ;
; BYTEENA_REG_B                      ; CLOCK1                                    ; Untyped          ;
; INDATA_ACLR_B                      ; NONE                                      ; Untyped          ;
; WRCONTROL_ACLR_B                   ; NONE                                      ; Untyped          ;
; ADDRESS_ACLR_B                     ; NONE                                      ; Untyped          ;
; OUTDATA_ACLR_B                     ; NONE                                      ; Untyped          ;
; RDCONTROL_ACLR_B                   ; NONE                                      ; Untyped          ;
; BYTEENA_ACLR_B                     ; NONE                                      ; Untyped          ;
; WIDTH_BYTEENA_A                    ; 1                                         ; Untyped          ;
; WIDTH_BYTEENA_B                    ; 1                                         ; Untyped          ;
; RAM_BLOCK_TYPE                     ; AUTO                                      ; Untyped          ;
; BYTE_SIZE                          ; 8                                         ; Untyped          ;
; READ_DURING_WRITE_MODE_MIXED_PORTS ; DONT_CARE                                 ; Untyped          ;
; READ_DURING_WRITE_MODE_PORT_A      ; NEW_DATA_NO_NBE_READ                      ; Untyped          ;
; READ_DURING_WRITE_MODE_PORT_B      ; NEW_DATA_NO_NBE_READ                      ; Untyped          ;
; INIT_FILE                          ; db/Project.ram0_data_mem_73ff31ea.hdl.mif ; Untyped          ;
; INIT_FILE_LAYOUT                   ; PORT_A                                    ; Untyped          ;
; MAXIMUM_DEPTH                      ; 0                                         ; Untyped          ;
; CLOCK_ENABLE_INPUT_A               ; NORMAL                                    ; Untyped          ;
; CLOCK_ENABLE_INPUT_B               ; NORMAL                                    ; Untyped          ;
; CLOCK_ENABLE_OUTPUT_A              ; NORMAL                                    ; Untyped          ;
; CLOCK_ENABLE_OUTPUT_B              ; NORMAL                                    ; Untyped          ;
; CLOCK_ENABLE_CORE_A                ; USE_INPUT_CLKEN                           ; Untyped          ;
; CLOCK_ENABLE_CORE_B                ; USE_INPUT_CLKEN                           ; Untyped          ;
; ENABLE_ECC                         ; FALSE                                     ; Untyped          ;
; ECC_PIPELINE_STAGE_ENABLED         ; FALSE                                     ; Untyped          ;
; WIDTH_ECCSTATUS                    ; 3                                         ; Untyped          ;
; DEVICE_FAMILY                      ; Cyclone IV E                              ; Untyped          ;
; CBXI_PARAMETER                     ; altsyncram_tki1                           ; Untyped          ;
+------------------------------------+-------------------------------------------+------------------+
Note: In order to hide this table in the UI and the text report file, please set the "Show Parameter Settings in Synthesis Report" option in "Analysis and Synthesis Settings -> More Settings" to "Off".


+----------------------------------------------------------------------------------------------+
; altsyncram Parameter Settings by Entity Instance                                             ;
+-------------------------------------------+--------------------------------------------------+
; Name                                      ; Value                                            ;
+-------------------------------------------+--------------------------------------------------+
; Number of entity instances                ; 1                                                ;
; Entity Instance                           ; top:inst|data_mem:dm1|altsyncram:my_memory_rtl_0 ;
;     -- OPERATION_MODE                     ; DUAL_PORT                                        ;
;     -- WIDTH_A                            ; 8                                                ;
;     -- NUMWORDS_A                         ; 256                                              ;
;     -- OUTDATA_REG_A                      ; UNREGISTERED                                     ;
;     -- WIDTH_B                            ; 8                                                ;
;     -- NUMWORDS_B                         ; 256                                              ;
;     -- ADDRESS_REG_B                      ; CLOCK0                                           ;
;     -- OUTDATA_REG_B                      ; UNREGISTERED                                     ;
;     -- RAM_BLOCK_TYPE                     ; AUTO                                             ;
;     -- READ_DURING_WRITE_MODE_MIXED_PORTS ; DONT_CARE                                        ;
+-------------------------------------------+--------------------------------------------------+


+-----------------------------------------------------------------------------------------------------------------------------------------------------------------------------------------------------------------+
; Port Connectivity Checks: "top:inst|reg_file:rf1"                                                                                                                                                               ;
+-----------+-------+----------+----------------------------------------------------------------------------------------------------------------------------------------------------------------------------------+
; Port      ; Type  ; Severity ; Details                                                                                                                                                                          ;
+-----------+-------+----------+----------------------------------------------------------------------------------------------------------------------------------------------------------------------------------+
; rt_addr_i ; Input ; Warning  ; Input port expression (4 bits) is wider than the input port (3 bits) it drives.  The 1 most-significant bit(s) in the expression will be dangling if they have no other fanouts. ;
+-----------+-------+----------+----------------------------------------------------------------------------------------------------------------------------------------------------------------------------------+


+-------------------------------------------------+
; Port Connectivity Checks: "top:inst|IF:IF1"     ;
+---------------+-------+----------+--------------+
; Port          ; Type  ; Severity ; Details      ;
+---------------+-------+----------+--------------+
; Offset[15..8] ; Input ; Info     ; Stuck at GND ;
+---------------+-------+----------+--------------+


+-----------------------------------------------------+
; Post-Synthesis Netlist Statistics for Top Partition ;
+-----------------------+-----------------------------+
; Type                  ; Count                       ;
+-----------------------+-----------------------------+
; boundary_port         ; 3                           ;
; cycloneiii_ff         ; 114                         ;
;     ENA               ; 72                          ;
;     SCLR              ; 1                           ;
;     plain             ; 41                          ;
; cycloneiii_lcell_comb ; 470                         ;
;     arith             ; 85                          ;
;         2 data inputs ; 52                          ;
;         3 data inputs ; 33                          ;
;     normal            ; 385                         ;
;         0 data inputs ; 5                           ;
;         1 data inputs ; 3                           ;
;         2 data inputs ; 11                          ;
;         3 data inputs ; 48                          ;
;         4 data inputs ; 318                         ;
; cycloneiii_ram_block  ; 8                           ;
;                       ;                             ;
; Max LUT depth         ; 17.00                       ;
; Average LUT depth     ; 11.26                       ;
+-----------------------+-----------------------------+


+-------------------------------+
; Elapsed Time Per Partition    ;
+----------------+--------------+
; Partition Name ; Elapsed Time ;
+----------------+--------------+
; Top            ; 00:00:17     ;
+----------------+--------------+


+-------------------------------+
; Analysis & Synthesis Messages ;
+-------------------------------+
Info: *******************************************************************
Info: Running Quartus Prime Analysis & Synthesis
    Info: Version 17.1.0 Build 590 10/25/2017 SJ Lite Edition
    Info: Processing started: Thu Dec 14 13:12:59 2017
Info: Command: quartus_map --read_settings_files=on --write_settings_files=off Project -c Project
Warning (18236): Number of processors has not been specified which may cause overloading on shared machines.  Set the global assignment NUM_PARALLEL_PROCESSORS in your QSF to an appropriate value for best performance.
Info (20030): Parallel compilation is enabled and will use 4 of the 4 processors detected
Info (12021): Found 1 design units, including 1 entities, in source file top_tb.sv
    Info (12023): Found entity 1: top_tb File: E:/Project/top_tb.sv Line: 3
Info (12021): Found 1 design units, including 1 entities, in source file top.sv
    Info (12023): Found entity 1: top File: E:/Project/top.sv Line: 8
Info (12021): Found 1 design units, including 1 entities, in source file reg_file.sv
    Info (12023): Found entity 1: reg_file File: E:/Project/reg_file.sv Line: 15
Info (12021): Found 1 design units, including 1 entities, in source file lut.sv
    Info (12023): Found entity 1: lut File: E:/Project/lut.sv Line: 1
Info (12021): Found 1 design units, including 1 entities, in source file instrom.sv
    Info (12023): Found entity 1: InstROM File: E:/Project/InstRom.sv Line: 11
Info (12021): Found 1 design units, including 1 entities, in source file if.sv
    Info (12023): Found entity 1: IF File: E:/Project/IF.sv Line: 7
Info (12021): Found 1 design units, including 0 entities, in source file definitions.sv
    Info (12022): Found design unit 1: definitions (SystemVerilog) File: E:/Project/definitions.sv Line: 2
Info (12021): Found 1 design units, including 1 entities, in source file data_mem.sv
    Info (12023): Found entity 1: data_mem File: E:/Project/data_mem.sv Line: 10
Info (12021): Found 1 design units, including 1 entities, in source file alu.sv
    Info (12023): Found entity 1: alu File: E:/Project/alu.sv Line: 3
Info (12021): Found 1 design units, including 1 entities, in source file schematic.bdf
    Info (12023): Found entity 1: schematic
Info (12127): Elaborating entity "schematic" for the top level hierarchy
Info (12128): Elaborating entity "top" for hierarchy "top:inst"
Warning (10036): Verilog HDL or VHDL warning at top.sv(50): object "readMem" assigned a value but never read File: E:/Project/top.sv Line: 50
Info (12128): Elaborating entity "IF" for hierarchy "top:inst|IF:IF1" File: E:/Project/top.sv Line: 61
Info (12128): Elaborating entity "InstROM" for hierarchy "top:inst|InstROM:InstROM1" File: E:/Project/top.sv Line: 67
Warning (10850): Verilog HDL warning at InstRom.sv(18): number of words (111) in memory file does not match the number of elements in the address range [0:65535] File: E:/Project/InstRom.sv Line: 18
Warning (10030): Net "inst_rom.data_a" at InstRom.sv(15) has no driver or initial value, using a default initial value '0' File: E:/Project/InstRom.sv Line: 15
Warning (10030): Net "inst_rom.waddr_a" at InstRom.sv(15) has no driver or initial value, using a default initial value '0' File: E:/Project/InstRom.sv Line: 15
Warning (10030): Net "inst_rom.we_a" at InstRom.sv(15) has no driver or initial value, using a default initial value '0' File: E:/Project/InstRom.sv Line: 15
Info (12128): Elaborating entity "reg_file" for hierarchy "top:inst|reg_file:rf1" File: E:/Project/top.sv Line: 77
Info (12128): Elaborating entity "alu" for hierarchy "top:inst|alu:alu1" File: E:/Project/top.sv Line: 88
Info (12128): Elaborating entity "data_mem" for hierarchy "top:inst|data_mem:dm1" File: E:/Project/top.sv Line: 98
Info (12128): Elaborating entity "lut" for hierarchy "top:inst|lut:lut1" File: E:/Project/top.sv Line: 108
Warning (276020): Inferred RAM node "top:inst|data_mem:dm1|my_memory_rtl_0" from synchronous design logic.  Pass-through logic has been added to match the read-during-write behavior of the original design.
Warning (127007): Memory Initialization File or Hexadecimal (Intel-Format) File "E:/Project/db/Project.ram1_InstROM_3fc6aa5b.hdl.mif" contains "don't care" values -- overwriting them with 0s
Info (19000): Inferred 1 megafunctions from design logic
    Info (276029): Inferred altsyncram megafunction from the following design logic: "top:inst|data_mem:dm1|my_memory_rtl_0" 
        Info (286033): Parameter OPERATION_MODE set to DUAL_PORT
        Info (286033): Parameter WIDTH_A set to 8
        Info (286033): Parameter WIDTHAD_A set to 8
        Info (286033): Parameter NUMWORDS_A set to 256
        Info (286033): Parameter WIDTH_B set to 8
        Info (286033): Parameter WIDTHAD_B set to 8
        Info (286033): Parameter NUMWORDS_B set to 256
        Info (286033): Parameter ADDRESS_ACLR_A set to NONE
        Info (286033): Parameter OUTDATA_REG_B set to UNREGISTERED
        Info (286033): Parameter ADDRESS_ACLR_B set to NONE
        Info (286033): Parameter OUTDATA_ACLR_B set to NONE
        Info (286033): Parameter ADDRESS_REG_B set to CLOCK0
        Info (286033): Parameter INDATA_ACLR_A set to NONE
        Info (286033): Parameter WRCONTROL_ACLR_A set to NONE
        Info (286033): Parameter INIT_FILE set to db/Project.ram0_data_mem_73ff31ea.hdl.mif
Info (12130): Elaborated megafunction instantiation "top:inst|data_mem:dm1|altsyncram:my_memory_rtl_0"
Info (12133): Instantiated megafunction "top:inst|data_mem:dm1|altsyncram:my_memory_rtl_0" with the following parameter:
    Info (12134): Parameter "OPERATION_MODE" = "DUAL_PORT"
    Info (12134): Parameter "WIDTH_A" = "8"
    Info (12134): Parameter "WIDTHAD_A" = "8"
    Info (12134): Parameter "NUMWORDS_A" = "256"
    Info (12134): Parameter "WIDTH_B" = "8"
    Info (12134): Parameter "WIDTHAD_B" = "8"
    Info (12134): Parameter "NUMWORDS_B" = "256"
    Info (12134): Parameter "ADDRESS_ACLR_A" = "NONE"
    Info (12134): Parameter "OUTDATA_REG_B" = "UNREGISTERED"
    Info (12134): Parameter "ADDRESS_ACLR_B" = "NONE"
    Info (12134): Parameter "OUTDATA_ACLR_B" = "NONE"
    Info (12134): Parameter "ADDRESS_REG_B" = "CLOCK0"
    Info (12134): Parameter "INDATA_ACLR_A" = "NONE"
    Info (12134): Parameter "WRCONTROL_ACLR_A" = "NONE"
    Info (12134): Parameter "INIT_FILE" = "db/Project.ram0_data_mem_73ff31ea.hdl.mif"
Info (12021): Found 1 design units, including 1 entities, in source file db/altsyncram_tki1.tdf
    Info (12023): Found entity 1: altsyncram_tki1 File: E:/Project/db/altsyncram_tki1.tdf Line: 27
Warning (12241): 1 hierarchies have connectivity warnings - see the Connectivity Checks report folder
Info (286030): Timing-Driven Synthesis is running
Info (16010): Generating hard_block partition "hard_block:auto_generated_inst"
    Info (16011): Adding 0 node(s), including 0 DDIO, 0 PLL, 0 transceiver and 0 LCELL
Info (21057): Implemented 578 device resources after synthesis - the final resource count might be different
    Info (21058): Implemented 2 input pins
    Info (21059): Implemented 1 output pins
    Info (21061): Implemented 567 logic cells
    Info (21064): Implemented 8 RAM segments
Info: Quartus Prime Analysis & Synthesis was successful. 0 errors, 9 warnings
    Info: Peak virtual memory: 730 megabytes
    Info: Processing ended: Thu Dec 14 13:13:27 2017
    Info: Elapsed time: 00:00:28
    Info: Total CPU time (on all processors): 00:00:38


